# JRE version: OpenJDK Runtime Environment Corretto-21.0.4.7.1 (21.0.4+7) (build 21.0.4+7-LTS)
# Java VM: OpenJDK 64-Bit Server VM Corretto-21.0.4.7.1 (21.0.4+7-LTS, mixed mode, sharing, tiered, compressed oops, compressed class ptrs, g1 gc, linux-amd64)
GC Precious Log:
 CardTable entry size: 512
 Card Set container configuration: InlinePtr #cards 4 size 8 Array Of Cards #cards 16 size 48 Howl #buckets 8 coarsen threshold 3686 Howl Bitmap #cards 512 size 80 coarsen threshold 460 Card regions per heap region 1 cards per card region 4096
 CPUs: 12 total, 12 available
 Memory: 15922M
 Large Page Support: Disabled
 NUMA Support: Disabled
 Compressed Oops: Enabled (Zero based)
 Heap Region Size: 2M
 Heap Min Capacity: 8M
 Heap Initial Capacity: 250M
 Heap Max Capacity: 3982M
 Pre-touch: Disabled
 Parallel Workers: 10
 Concurrent Workers: 3
 Concurrent Refinement Workers: 10
 Periodic GC: Disabled
Heap:
 garbage-first heap   total 428032K, used 220293K [0x0000000707200000, 0x0000000800000000)
  region size 2048K, 32 young (65536K), 12 survivors (24576K)
 Metaspace       used 93861K, committed 95488K, reserved 1179648K
  class space    used 14104K, committed 14784K, reserved 1048576K
GC Heap History (20 events):
Event: 3.932 GC heap before
{Heap before GC invocations=16 (full 0):
 garbage-first heap   total 239616K, used 211069K [0x0000000707200000, 0x0000000800000000)
  region size 2048K, 70 young (143360K), 6 survivors (12288K)
 Metaspace       used 43182K, committed 44288K, reserved 1114112K
  class space    used 5269K, committed 5760K, reserved 1048576K
}
Event: 3.945 GC heap after
{Heap after GC invocations=17 (full 0):
 garbage-first heap   total 245760K, used 100121K [0x0000000707200000, 0x0000000800000000)
  region size 2048K, 9 young (18432K), 9 survivors (18432K)
 Metaspace       used 43182K, committed 44288K, reserved 1114112K
  class space    used 5269K, committed 5760K, reserved 1048576K
}
Event: 4.489 GC heap before
{Heap before GC invocations=17 (full 0):
 garbage-first heap   total 245760K, used 210713K [0x0000000707200000, 0x0000000800000000)
  region size 2048K, 64 young (131072K), 9 survivors (18432K)
 Metaspace       used 48567K, committed 49728K, reserved 1114112K
  class space    used 5964K, committed 6464K, reserved 1048576K
}
Event: 4.499 GC heap after
{Heap after GC invocations=18 (full 0):
 garbage-first heap   total 245760K, used 109241K [0x0000000707200000, 0x0000000800000000)
  region size 2048K, 4 young (8192K), 4 survivors (8192K)
 Metaspace       used 48567K, committed 49728K, reserved 1114112K
  class space    used 5964K, committed 6464K, reserved 1048576K
}
Event: 4.979 GC heap before
{Heap before GC invocations=18 (full 0):
 garbage-first heap   total 245760K, used 215737K [0x0000000707200000, 0x0000000800000000)
  region size 2048K, 57 young (116736K), 4 survivors (8192K)
 Metaspace       used 53463K, committed 54784K, reserved 1114112K
  class space    used 6863K, committed 7424K, reserved 1048576K
}
Event: 4.987 GC heap after
{Heap after GC invocations=19 (full 0):
 garbage-first heap   total 317440K, used 114710K [0x0000000707200000, 0x0000000800000000)
  region size 2048K, 7 young (14336K), 7 survivors (14336K)
 Metaspace       used 53463K, committed 54784K, reserved 1114112K
  class space    used 6863K, committed 7424K, reserved 1048576K
}
Event: 5.339 GC heap before
{Heap before GC invocations=19 (full 0):
 garbage-first heap   total 317440K, used 280598K [0x0000000707200000, 0x0000000800000000)
  region size 2048K, 88 young (180224K), 7 survivors (14336K)
 Metaspace       used 55182K, committed 56448K, reserved 1114112K
  class space    used 7188K, committed 7744K, reserved 1048576K
}
Event: 5.352 GC heap after
{Heap after GC invocations=20 (full 0):
 garbage-first heap   total 317440K, used 132411K [0x0000000707200000, 0x0000000800000000)
  region size 2048K, 11 young (22528K), 11 survivors (22528K)
 Metaspace       used 55182K, committed 56448K, reserved 1114112K
  class space    used 7188K, committed 7744K, reserved 1048576K
}
Event: 5.522 GC heap before
{Heap before GC invocations=20 (full 0):
 garbage-first heap   total 317440K, used 273723K [0x0000000707200000, 0x0000000800000000)
  region size 2048K, 80 young (163840K), 11 survivors (22528K)
 Metaspace       used 55927K, committed 57280K, reserved 1114112K
  class space    used 7315K, committed 7872K, reserved 1048576K
}
Event: 5.534 GC heap after
{Heap after GC invocations=21 (full 0):
 garbage-first heap   total 317440K, used 149738K [0x0000000707200000, 0x0000000800000000)
  region size 2048K, 8 young (16384K), 8 survivors (16384K)
 Metaspace       used 55927K, committed 57280K, reserved 1114112K
  class space    used 7315K, committed 7872K, reserved 1048576K
}
Event: 6.023 GC heap before
{Heap before GC invocations=21 (full 0):
 garbage-first heap   total 317440K, used 258282K [0x0000000707200000, 0x0000000800000000)
  region size 2048K, 62 young (126976K), 8 survivors (16384K)
 Metaspace       used 59323K, committed 60608K, reserved 1114112K
  class space    used 7703K, committed 8256K, reserved 1048576K
}
Event: 6.031 GC heap after
{Heap after GC invocations=22 (full 0):
 garbage-first heap   total 317440K, used 156462K [0x0000000707200000, 0x0000000800000000)
  region size 2048K, 4 young (8192K), 4 survivors (8192K)
 Metaspace       used 59323K, committed 60608K, reserved 1114112K
  class space    used 7703K, committed 8256K, reserved 1048576K
}
Event: 6.662 GC heap before
{Heap before GC invocations=23 (full 0):
 garbage-first heap   total 317440K, used 283438K [0x0000000707200000, 0x0000000800000000)
  region size 2048K, 66 young (135168K), 4 survivors (8192K)
 Metaspace       used 67382K, committed 68736K, reserved 1114112K
  class space    used 9637K, committed 10240K, reserved 1048576K
}
Event: 6.668 GC heap after
{Heap after GC invocations=24 (full 0):
 garbage-first heap   total 317440K, used 158886K [0x0000000707200000, 0x0000000800000000)
  region size 2048K, 5 young (10240K), 5 survivors (10240K)
 Metaspace       used 67382K, committed 68736K, reserved 1114112K
  class space    used 9637K, committed 10240K, reserved 1048576K
}
Event: 6.892 GC heap before
{Heap before GC invocations=24 (full 0):
 garbage-first heap   total 317440K, used 283814K [0x0000000707200000, 0x0000000800000000)
  region size 2048K, 66 young (135168K), 5 survivors (10240K)
 Metaspace       used 67549K, committed 68864K, reserved 1114112K
  class space    used 9673K, committed 10240K, reserved 1048576K
}
Event: 6.900 GC heap after
{Heap after GC invocations=25 (full 0):
 garbage-first heap   total 317440K, used 166600K [0x0000000707200000, 0x0000000800000000)
  region size 2048K, 9 young (18432K), 9 survivors (18432K)
 Metaspace       used 67549K, committed 68864K, reserved 1114112K
  class space    used 9673K, committed 10240K, reserved 1048576K
}
Event: 7.339 GC heap before
{Heap before GC invocations=25 (full 0):
 garbage-first heap   total 317440K, used 277192K [0x0000000707200000, 0x0000000800000000)
  region size 2048K, 63 young (129024K), 9 survivors (18432K)
 Metaspace       used 76400K, committed 77888K, reserved 1179648K
  class space    used 11467K, committed 12096K, reserved 1048576K
}
Event: 7.349 GC heap after
{Heap after GC invocations=26 (full 0):
 garbage-first heap   total 428032K, used 171346K [0x0000000707200000, 0x0000000800000000)
  region size 2048K, 7 young (14336K), 7 survivors (14336K)
 Metaspace       used 76400K, committed 77888K, reserved 1179648K
  class space    used 11467K, committed 12096K, reserved 1048576K
}
Event: 8.216 GC heap before
{Heap before GC invocations=27 (full 0):
 garbage-first heap   total 428032K, used 384338K [0x0000000707200000, 0x0000000800000000)
  region size 2048K, 112 young (229376K), 7 survivors (14336K)
 Metaspace       used 88556K, committed 90112K, reserved 1179648K
  class space    used 13488K, committed 14144K, reserved 1048576K
}
Event: 8.226 GC heap after
{Heap after GC invocations=28 (full 0):
 garbage-first heap   total 428032K, used 181381K [0x0000000707200000, 0x0000000800000000)
  region size 2048K, 12 young (24576K), 12 survivors (24576K)
 Metaspace       used 88556K, committed 90112K, reserved 1179648K
  class space    used 13488K, committed 14144K, reserved 1048576K
}

